<?xml version="1.0" encoding="UTF-8"?>
<!-- Generated by org.testng.reporters.JUnitReportReporter -->
<testsuite hostname="SA-PC" name="RestAssured.GetPlacesAPI" tests="1" failures="0" timestamp="30 Oct 2019 19:29:40 GMT" time="7.802" errors="0">
  <testcase name="getplace" time="7.802" classname="RestAssured.GetPlacesAPI"/>
</testsuite> <!-- RestAssured.GetPlacesAPI -->
