<?xml version="1.0" encoding="UTF-8"?>
<!-- Generated by org.testng.reporters.JUnitReportReporter -->
<testsuite hostname="SA-PC" name="RestAssured.GoogleAPI" tests="1" failures="0" timestamp="17 Oct 2019 08:27:25 GMT" time="4.854" errors="0">
  <testcase name="addLocation" time="4.854" classname="RestAssured.GoogleAPI"/>
</testsuite> <!-- RestAssured.GoogleAPI -->
